[batch] Found 2 job(s) in /Users/yifanxie/playground/vibe_writing_experiments/research/OCR_research/input/batch1
[batch] Output folder: /Users/yifanxie/playground/vibe_writing_experiments/research/OCR_research/outputs/paddle_mlx_batch
[batch] Backend mode: mlx-vlm-server
[batch] Capturing logs to /Users/yifanxie/playground/vibe_writing_experiments/research/OCR_research/logs/batch_mlx-vlm-server_20260417_165116.log
[batch] paddleocr binary: /Users/yifanxie/playground/vibe_writing_experiments/research/OCR_research/.venv_paddle_apple/bin/paddleocr
[batch] MLX server URL: http://localhost:8111/
[batch] MLX api model name: PaddlePaddle/PaddleOCR-VL-1.5
[batch] pdf_render_scale is ignored in mlx-vlm-server mode because Paddle handles document loading internally.
[batch] Local MLX server detected; NO_PROXY set to localhost,127.0.0.1,::1
[job 1/2] Starting vl1.54.png
[job 1/2] Connecting to mlx_vlm.server at http://localhost:8111/
[paddlecli 1/2] [33mConnectivity check to the model hoster has been skipped because `PADDLE_PDX_DISABLE_MODEL_SOURCE_CHECK` is enabled.[0m
[paddlecli 1/2] /Users/yifanxie/playground/vibe_writing_experiments/research/OCR_research/.venv_paddle_apple/lib/python3.11/site-packages/paddle/utils/cpp_extension/extension_utils.py:718: UserWarning: No ccache found. Please be aware that recompiling all source files may be required. You can download and install ccache from: https://github.com/ccache/ccache/blob/master/doc/INSTALL.md
[paddlecli 1/2]   warnings.warn(warning_message)
[paddlecli 1/2] [32mCreating model: ('PP-DocLayoutV3', None)[0m
[paddlecli 1/2] [32mModel files already exist. Using cached files. To redownload, please delete the directory manually: `/Users/yifanxie/playground/vibe_writing_experiments/research/OCR_research/.paddlex_cache/official_models/PP-DocLayoutV3`.[0m
[paddlecli 1/2] [32mCreating model: ('PaddleOCR-VL-1.5-0.9B', None)[0m
[paddlecli 1/2] /Users/yifanxie/playground/vibe_writing_experiments/research/OCR_research/.venv_paddle_apple/lib/python3.11/site-packages/paddlex/inference/models/doc_vlm/predictor.py:503: UserWarning: 'mlx-vlm-server' does not support `min_pixels`.
[paddlecli 1/2]   warnings.warn(
[paddlecli 1/2] /Users/yifanxie/playground/vibe_writing_experiments/research/OCR_research/.venv_paddle_apple/lib/python3.11/site-packages/paddlex/inference/models/doc_vlm/predictor.py:516: UserWarning: 'mlx-vlm-server' does not support `max_pixels`.
[paddlecli 1/2]   warnings.warn(
[paddlecli 1/2] Traceback (most recent call last):
[paddlecli 1/2]   File "/Users/yifanxie/playground/vibe_writing_experiments/research/OCR_research/.venv_paddle_apple/bin/paddleocr", line 6, in <module>
[paddlecli 1/2]     sys.exit(console_entry())
[paddlecli 1/2]              ^^^^^^^^^^^^^^^
[paddlecli 1/2]   File "/Users/yifanxie/playground/vibe_writing_experiments/research/OCR_research/.venv_paddle_apple/lib/python3.11/site-packages/paddleocr/__main__.py", line 26, in console_entry
[paddlecli 1/2]     main()
[paddlecli 1/2]   File "/Users/yifanxie/playground/vibe_writing_experiments/research/OCR_research/.venv_paddle_apple/lib/python3.11/site-packages/paddleocr/_cli.py", line 194, in main
[paddlecli 1/2]     _execute(args)
[paddlecli 1/2]   File "/Users/yifanxie/playground/vibe_writing_experiments/research/OCR_research/.venv_paddle_apple/lib/python3.11/site-packages/paddleocr/_cli.py", line 183, in _execute
[paddlecli 1/2]     args.executor(args)
[paddlecli 1/2]   File "/Users/yifanxie/playground/vibe_writing_experiments/research/OCR_research/.venv_paddle_apple/lib/python3.11/site-packages/paddleocr/_pipelines/paddleocr_vl.py", line 499, in execute_with_args
[paddlecli 1/2]     perform_simple_inference(
[paddlecli 1/2]   File "/Users/yifanxie/playground/vibe_writing_experiments/research/OCR_research/.venv_paddle_apple/lib/python3.11/site-packages/paddleocr/_utils/cli.py", line 68, in perform_simple_inference
[paddlecli 1/2]     for i, res in enumerate(result):
[paddlecli 1/2]   File "/Users/yifanxie/playground/vibe_writing_experiments/research/OCR_research/.venv_paddle_apple/lib/python3.11/site-packages/paddlex/inference/pipelines/_parallel.py", line 139, in predict
[paddlecli 1/2]     yield from self._pipeline.predict(
[paddlecli 1/2]   File "/Users/yifanxie/playground/vibe_writing_experiments/research/OCR_research/.venv_paddle_apple/lib/python3.11/site-packages/paddlex/inference/pipelines/paddleocr_vl/pipeline.py", line 889, in predict
[paddlecli 1/2]     raise RuntimeError(
[paddlecli 1/2] RuntimeError: Exception from the 'vlm' worker: Error code: 500 - {'detail': 'Failed to load model: \nNo safetensors found in /Users/yifanxie/.cache/huggingface/hub/models--PaddlePaddle--PaddleOCR-VL-1.5/snapshots/6819afc8509ac9afa50e91b34627a7cf8f7900bb\nCreate safetensors using the following code:\n```\nfrom transformers import AutoModelForCausalLM, AutoProcessor\n\nmodel_id= "<huggingface_model_id>"\nmodel = AutoModelForCausalLM.from_pretrained(model_id)\nprocessor = AutoProcessor.from_pretrained(model_id)\n\nmodel.save_pretrained("<local_dir>")\nprocessor.save_pretrained("<local_dir>")\n```\nThen use the <local_dir> as the --hf-path in the convert script.\n```\npython -m mlx_vlm.convert --hf-path <local_dir> --mlx-path <mlx_dir>\n```\n        '}
[job 1/2] FAILED after 58.34s: paddleocr doc_parser exited with code 1. If the MLX server is local, confirm it is running and that NO_PROXY includes localhost and 127.0.0.1.
[job 2/2] Starting vl1.59.png
[job 2/2] Connecting to mlx_vlm.server at http://localhost:8111/
[paddlecli 2/2] [33mConnectivity check to the model hoster has been skipped because `PADDLE_PDX_DISABLE_MODEL_SOURCE_CHECK` is enabled.[0m
[paddlecli 2/2] /Users/yifanxie/playground/vibe_writing_experiments/research/OCR_research/.venv_paddle_apple/lib/python3.11/site-packages/paddle/utils/cpp_extension/extension_utils.py:718: UserWarning: No ccache found. Please be aware that recompiling all source files may be required. You can download and install ccache from: https://github.com/ccache/ccache/blob/master/doc/INSTALL.md
[paddlecli 2/2]   warnings.warn(warning_message)
[paddlecli 2/2] [32mCreating model: ('PP-DocLayoutV3', None)[0m
[paddlecli 2/2] [32mModel files already exist. Using cached files. To redownload, please delete the directory manually: `/Users/yifanxie/playground/vibe_writing_experiments/research/OCR_research/.paddlex_cache/official_models/PP-DocLayoutV3`.[0m
[paddlecli 2/2] [32mCreating model: ('PaddleOCR-VL-1.5-0.9B', None)[0m
[paddlecli 2/2] /Users/yifanxie/playground/vibe_writing_experiments/research/OCR_research/.venv_paddle_apple/lib/python3.11/site-packages/paddlex/inference/models/doc_vlm/predictor.py:503: UserWarning: 'mlx-vlm-server' does not support `min_pixels`.
[paddlecli 2/2]   warnings.warn(
[paddlecli 2/2] /Users/yifanxie/playground/vibe_writing_experiments/research/OCR_research/.venv_paddle_apple/lib/python3.11/site-packages/paddlex/inference/models/doc_vlm/predictor.py:516: UserWarning: 'mlx-vlm-server' does not support `max_pixels`.
[paddlecli 2/2]   warnings.warn(
[paddlecli 2/2] Traceback (most recent call last):
[paddlecli 2/2]   File "/Users/yifanxie/playground/vibe_writing_experiments/research/OCR_research/.venv_paddle_apple/bin/paddleocr", line 6, in <module>
[paddlecli 2/2]     sys.exit(console_entry())
[paddlecli 2/2]              ^^^^^^^^^^^^^^^
[paddlecli 2/2]   File "/Users/yifanxie/playground/vibe_writing_experiments/research/OCR_research/.venv_paddle_apple/lib/python3.11/site-packages/paddleocr/__main__.py", line 26, in console_entry
[paddlecli 2/2]     main()
[paddlecli 2/2]   File "/Users/yifanxie/playground/vibe_writing_experiments/research/OCR_research/.venv_paddle_apple/lib/python3.11/site-packages/paddleocr/_cli.py", line 194, in main
[paddlecli 2/2]     _execute(args)
[paddlecli 2/2]   File "/Users/yifanxie/playground/vibe_writing_experiments/research/OCR_research/.venv_paddle_apple/lib/python3.11/site-packages/paddleocr/_cli.py", line 183, in _execute
[paddlecli 2/2]     args.executor(args)
[paddlecli 2/2]   File "/Users/yifanxie/playground/vibe_writing_experiments/research/OCR_research/.venv_paddle_apple/lib/python3.11/site-packages/paddleocr/_pipelines/paddleocr_vl.py", line 499, in execute_with_args
[paddlecli 2/2]     perform_simple_inference(
[paddlecli 2/2]   File "/Users/yifanxie/playground/vibe_writing_experiments/research/OCR_research/.venv_paddle_apple/lib/python3.11/site-packages/paddleocr/_utils/cli.py", line 68, in perform_simple_inference
[paddlecli 2/2]     for i, res in enumerate(result):
[paddlecli 2/2]   File "/Users/yifanxie/playground/vibe_writing_experiments/research/OCR_research/.venv_paddle_apple/lib/python3.11/site-packages/paddlex/inference/pipelines/_parallel.py", line 139, in predict
[paddlecli 2/2]     yield from self._pipeline.predict(
[paddlecli 2/2]   File "/Users/yifanxie/playground/vibe_writing_experiments/research/OCR_research/.venv_paddle_apple/lib/python3.11/site-packages/paddlex/inference/pipelines/paddleocr_vl/pipeline.py", line 889, in predict
[paddlecli 2/2]     raise RuntimeError(
[paddlecli 2/2] RuntimeError: Exception from the 'vlm' worker: Error code: 500 - {'detail': 'Failed to load model: \nNo safetensors found in /Users/yifanxie/.cache/huggingface/hub/models--PaddlePaddle--PaddleOCR-VL-1.5/snapshots/6819afc8509ac9afa50e91b34627a7cf8f7900bb\nCreate safetensors using the following code:\n```\nfrom transformers import AutoModelForCausalLM, AutoProcessor\n\nmodel_id= "<huggingface_model_id>"\nmodel = AutoModelForCausalLM.from_pretrained(model_id)\nprocessor = AutoProcessor.from_pretrained(model_id)\n\nmodel.save_pretrained("<local_dir>")\nprocessor.save_pretrained("<local_dir>")\n```\nThen use the <local_dir> as the --hf-path in the convert script.\n```\npython -m mlx_vlm.convert --hf-path <local_dir> --mlx-path <mlx_dir>\n```\n        '}
[job 2/2] FAILED after 19.57s: paddleocr doc_parser exited with code 1. If the MLX server is local, confirm it is running and that NO_PROXY includes localhost and 127.0.0.1.
[summary] Completed batch in 77.90s with 0 success(es) and 2 failure(s)
[summary] Log file saved to /Users/yifanxie/playground/vibe_writing_experiments/research/OCR_research/logs/batch_mlx-vlm-server_20260417_165116.log
