[batch] Found 2 job(s) in /Users/yifanxie/playground/vibe_writing_experiments/research/OCR_research/input/batch1
[batch] Output folder: /Users/yifanxie/playground/vibe_writing_experiments/research/OCR_research/outputs/paddle_mlx_batch
[batch] Backend mode: mlx-vlm-server
[batch] Capturing logs to /Users/yifanxie/playground/vibe_writing_experiments/research/OCR_research/logs/batch_mlx-vlm-server_20260417_165733.log
[batch] paddleocr binary: /Users/yifanxie/playground/vibe_writing_experiments/research/OCR_research/.venv_paddle_apple/bin/paddleocr
[batch] MLX server URL: http://localhost:8111/
[batch] MLX api model name: /Users/yifanxie/playground/vibe_writing_experiments/research/OCR_research/models/PaddleOCR-VL-1.5
[batch] pdf_render_scale is ignored in mlx-vlm-server mode because Paddle handles document loading internally.
[batch] Local MLX server detected; NO_PROXY set to localhost,127.0.0.1,::1
[job 1/2] Starting vl1.54.png
[job 1/2] Connecting to mlx_vlm.server at http://localhost:8111/
[paddlecli 1/2] [33mConnectivity check to the model hoster has been skipped because `PADDLE_PDX_DISABLE_MODEL_SOURCE_CHECK` is enabled.[0m
[paddlecli 1/2] /Users/yifanxie/playground/vibe_writing_experiments/research/OCR_research/.venv_paddle_apple/lib/python3.11/site-packages/paddle/utils/cpp_extension/extension_utils.py:718: UserWarning: No ccache found. Please be aware that recompiling all source files may be required. You can download and install ccache from: https://github.com/ccache/ccache/blob/master/doc/INSTALL.md
[paddlecli 1/2]   warnings.warn(warning_message)
[paddlecli 1/2] [32mCreating model: ('PP-DocLayoutV3', None)[0m
[paddlecli 1/2] [32mModel files already exist. Using cached files. To redownload, please delete the directory manually: `/Users/yifanxie/playground/vibe_writing_experiments/research/OCR_research/.paddlex_cache/official_models/PP-DocLayoutV3`.[0m
[paddlecli 1/2] [32mCreating model: ('PaddleOCR-VL-1.5-0.9B', None)[0m
[paddlecli 1/2] /Users/yifanxie/playground/vibe_writing_experiments/research/OCR_research/.venv_paddle_apple/lib/python3.11/site-packages/paddlex/inference/models/doc_vlm/predictor.py:503: UserWarning: 'mlx-vlm-server' does not support `min_pixels`.
[paddlecli 1/2]   warnings.warn(
[paddlecli 1/2] /Users/yifanxie/playground/vibe_writing_experiments/research/OCR_research/.venv_paddle_apple/lib/python3.11/site-packages/paddlex/inference/models/doc_vlm/predictor.py:516: UserWarning: 'mlx-vlm-server' does not support `max_pixels`.
[paddlecli 1/2]   warnings.warn(
[paddlecli 1/2] [2026/04/17 16:58:02] paddleocr INFO: Processed item 0 in 23414.270401000977 ms
[paddlecli 1/2] [32m{'res': {'input_path': '/Users/yifanxie/playground/vibe_writing_experiments/research/OCR_research/input/batch1/vl1.54.png', 'page_index': None, 'page_count': None, 'width': 1191, 'height': 1684, 'model_settings': {'use_doc_preprocessor': False, 'use_layout_detection': True, 'use_chart_recognition': False, 'use_seal_recognition': False, 'use_ocr_for_image_block': False, 'format_block_content': False, 'merge_layout_blocks': True, 'markdown_ignore_labels': ['number', 'footnote', 'header', 'header_image', 'footer', 'footer_image', 'aside_text'], 'return_layout_polygon_points': True}, 'layout_det_res': {'input_path': None, 'page_index': None, 'boxes': [{'cls_id': 16, 'label': 'number', 'score': 0.7665137052536011, 'coordinate': [67, 140, 96, 155], 'order': 1, 'polygon_points': array([[ 67., 140.],
[paddlecli 1/2]        [ 95., 140.],
[paddlecli 1/2]        [ 95., 154.],
[paddlecli 1/2]        [ 67., 154.]], dtype=float32)}, {'cls_id': 12, 'label': 'header', 'score': 0.8646008372306824, 'coordinate': [393, 138, 773, 157], 'order': None, 'polygon_points': array([[393., 138.],
[paddlecli 1/2]        [772., 138.],
[paddlecli 1/2]        [772., 156.],
[paddlecli 1/2]        [393., 156.]], dtype=float32)}, {'cls_id': 22, 'label': 'text', 'score': 0.9353352189064026, 'coordinate': [64, 178, 571, 264], 'order': 2, 'polygon_points': array([[ 64., 178.],
[paddlecli 1/2]        [571., 178.],
[paddlecli 1/2]        [571., 264.],
[paddlecli 1/2]        [ 64., 264.]], dtype=float32)}, {'cls_id': 17, 'label': 'paragraph_title', 'score': 0.7829434275627136, 'coordinate': [66, 287, 116, 306], 'order': 3, 'polygon_points': array([[ 66., 287.],
[paddlecli 1/2]        [115., 287.],
[paddlecli 1/2]        [115., 305.],
[paddlecli 1/2]        [ 66., 305.]], dtype=float32)}, {'cls_id': 22, 'label': 'text', 'score': 0.9276639223098755, 'coordinate': [65, 326, 569, 379], 'order': 4, 'polygon_points': array([[ 65., 326.],
[paddlecli 1/2]        [569., 326.],
[paddlecli 1/2]        [569., 379.],
[paddlecli 1/2]        [ 65., 379.]], dtype=float32)}, {'cls_id': 22, 'label': 'text', 'score': 0.9540897607803345, 'coordinate': [65, 379, 571, 484], 'order': 5, 'polygon_points': array([[ 65., 379.],
[paddlecli 1/2]        [571., 379.],
[paddlecli 1/2]        [571., 484.],
[paddlecli 1/2]        [ 65., 484.]], dtype=float32)}, {'cls_id': 22, 'label': 'text', 'score': 0.9638177752494812, 'coordinate': [67, 483, 571, 690], 'order': 6, 'polygon_points': array([[ 67., 483.],
[paddlecli 1/2]        [571., 483.],
[paddlecli 1/2]        [571., 690.],
[paddlecli 1/2]        [ 67., 690.]], dtype=float32)}, {'cls_id': 22, 'label': 'text', 'score': 0.9502103328704834, 'coordinate': [66, 690, 571, 793], 'order': 7, 'polygon_points': array([[ 66., 690.],
[paddlecli 1/2]        [571., 690.],
[paddlecli 1/2]        [571., 793.],
[paddlecli 1/2]        [ 66., 793.]], dtype=float32)}, {'cls_id': 22, 'label': 'text', 'score': 0.9569004774093628, 'coordinate': [66, 795, 572, 932], 'order': 8, 'polygon_points': array([[ 66., 795.],
[paddlecli 1/2]        [572., 795.],
[paddlecli 1/2]        [572., 932.],
[paddlecli 1/2]        [ 66., 932.]], dtype=float32)}, {'cls_id': 22, 'label': 'text', 'score': 0.9457309246063232, 'coordinate': [67, 932, 572, 1053], 'order': 9, 'polygon_points': array([[  67.,  932.],
[paddlecli 1/2]        [ 572.,  932.],
[paddlecli 1/2]        [ 572., 1053.],
[paddlecli 1/2]        [  67., 1053.]], dtype=float32)}, {'cls_id': 17, 'label': 'paragraph_title', 'score': 0.8281483054161072, 'coordinate': [70, 1094, 156, 1114], 'order': 10, 'polygon_points': array([[  70., 1094.],
[paddlecli 1/2]        [ 155., 1094.],
[paddlecli 1/2]        [ 155., 1113.],
[paddlecli 1/2]        [  70., 1113.]], dtype=float32)}, {'cls_id': 18, 'label': 'reference', 'score': 0.9262329339981079, 'coordinate': [61, 1131, 573, 1535], 'order': 11, 'polygon_points': array([[  61., 1131.],
[paddlecli 1/2]        [ 573., 1131.],
[paddlecli 1/2]        [ 573., 1535.],
[paddlecli 1/2]        [  61., 1535.]], dtype=float32)}, {'cls_id': 19, 'label': 'reference_content', 'score': 0.923145055770874, 'coordinate': [69, 1130, 572, 1163], 'order': 12, 'polygon_points': array([[  69, 1130],
[paddlecli 1/2]        [  69, 1162],
[paddlecli 1/2]        [ 571, 1162],
[paddlecli 1/2]        [ 571, 1130],
[paddlecli 1/2]        [ 297, 1130],
[paddlecli 1/2]        [ 284, 1130]], dtype=int32)}, {'cls_id': 19, 'label': 'reference_content', 'score': 0.9288288354873657, 'coordinate': [70, 1163, 572, 1211], 'order': 13, 'polygon_points': array([[  70., 1163.],
[paddlecli 1/2]        [ 572., 1163.],
[paddlecli 1/2]        [ 572., 1211.],
[paddlecli 1/2]        [  70., 1211.]], dtype=float32)}, {'cls_id': 19, 'label': 'reference_content', 'score': 0.9223482608795166, 'coordinate': [71, 1209, 570, 1244], 'order': 14, 'polygon_points': array([[  71, 1209],
[paddlecli 1/2]        [  71, 1235],
[paddlecli 1/2]        [ 178, 1243],
[paddlecli 1/2]        [ 569, 1243],
[paddlecli 1/2]        [ 569, 1209]], dtype=int32)}, {'cls_id': 19, 'label': 'reference_content', 'score': 0.9074621200561523, 'coordinate': [71, 1242, 570, 1293], 'order': 15, 'polygon_points': array([[  71, 1242],
[paddlecli 1/2]        [  71, 1284],
[paddlecli 1/2]        [ 262, 1292],
[paddlecli 1/2]        [ 504, 1292],
[paddlecli 1/2]        [ 511, 1292],
[paddlecli 1/2]        [ 522, 1292],
[paddlecli 1/2]        [ 546, 1284],
[paddlecli 1/2]        [ 552, 1292],
[paddlecli 1/2]        [ 559, 1292],
[paddlecli 1/2]        [ 569, 1292],
[paddlecli 1/2]        [ 569, 1242]], dtype=int32)}, {'cls_id': 19, 'label': 'reference_content', 'score': 0.9037866592407227, 'coordinate': [71, 1289, 571, 1324], 'order': 16, 'polygon_points': array([[  71, 1289],
[paddlecli 1/2]        [  71, 1323],
[paddlecli 1/2]        [ 570, 1323],
[paddlecli 1/2]        [ 570, 1289],
[paddlecli 1/2]        [ 435, 1289],
[paddlecli 1/2]        [ 273, 1289]], dtype=int32)}, {'cls_id': 19, 'label': 'reference_content', 'score': 0.9425504803657532, 'coordinate': [70, 1322, 571, 1370], 'order': 17, 'polygon_points': array([[  70, 1322],
[paddlecli 1/2]        [  70, 1361],
[paddlecli 1/2]        [  88, 1369],
[paddlecli 1/2]        [ 135, 1369],
[paddlecli 1/2]        [ 202, 1369],
[paddlecli 1/2]        [ 570, 1369],
[paddlecli 1/2]        [ 570, 1322]], dtype=int32)}, {'cls_id': 19, 'label': 'reference_content', 'score': 0.9213170409202576, 'coordinate': [69, 1369, 571, 1404], 'order': 18, 'polygon_points': array([[  69., 1369.],
[paddlecli 1/2]        [ 571., 1369.],
[paddlecli 1/2]        [ 571., 1404.],
[paddlecli 1/2]        [  69., 1404.]], dtype=float32)}, {'cls_id': 19, 'label': 'reference_content', 'score': 0.9285008907318115, 'coordinate': [69, 1401, 572, 1437], 'order': 19, 'polygon_points': array([[  69, 1401],
[paddlecli 1/2]        [  69, 1429],
[paddlecli 1/2]        [ 571, 1436],
[paddlecli 1/2]        [ 571, 1409],
[paddlecli 1/2]        [ 273, 1409],
[paddlecli 1/2]        [ 272, 1401]], dtype=int32)}, {'cls_id': 19, 'label': 'reference_content', 'score': 0.9205592274665833, 'coordinate': [69, 1434, 571, 1469], 'order': 20, 'polygon_points': array([[  69, 1434],
[paddlecli 1/2]        [  69, 1468],
[paddlecli 1/2]        [ 570, 1468],
[paddlecli 1/2]        [ 570, 1443],
[paddlecli 1/2]        [ 302, 1434]], dtype=int32)}, {'cls_id': 19, 'label': 'reference_content', 'score': 0.9502248764038086, 'coordinate': [69, 1467, 571, 1515], 'order': 21, 'polygon_points': array([[  69, 1467],
[paddlecli 1/2]        [  69, 1506],
[paddlecli 1/2]        [  87, 1514],
[paddlecli 1/2]        [ 570, 1514],
[paddlecli 1/2]        [ 570, 1467],
[paddlecli 1/2]        [ 500, 1467],
[paddlecli 1/2]        [ 457, 1467],
[paddlecli 1/2]        [ 440, 1467],
[paddlecli 1/2]        [ 337, 1467]], dtype=int32)}, {'cls_id': 19, 'label': 'reference_content', 'score': 0.9276590347290039, 'coordinate': [68, 1514, 571, 1547], 'order': 22, 'polygon_points': array([[  68., 1514.],
[paddlecli 1/2]        [ 571., 1514.],
[paddlecli 1/2]        [ 571., 1547.],
[paddlecli 1/2]        [  68., 1547.]], dtype=float32)}, {'cls_id': 18, 'label': 'reference', 'score': 0.9650703072547913, 'coordinate': [595, 169, 1106, 1542], 'order': 23, 'polygon_points': array([[ 595.,  169.],
[paddlecli 1/2]        [1106.,  169.],
[paddlecli 1/2]        [1106., 1542.],
[paddlecli 1/2]        [ 595., 1542.]], dtype=float32)}, {'cls_id': 19, 'label': 'reference_content', 'score': 0.9255151152610779, 'coordinate': [596, 175, 1102, 208], 'order': 24, 'polygon_points': array([[ 596,  175],
[paddlecli 1/2]        [ 596,  207],
[paddlecli 1/2]        [ 673,  207],
[paddlecli 1/2]        [ 733,  207],
[paddlecli 1/2]        [ 774,  207],
[paddlecli 1/2]        [ 781,  207],
[paddlecli 1/2]        [ 828,  207],
[paddlecli 1/2]        [1091,  207],
[paddlecli 1/2]        [1101,  207],
[paddlecli 1/2]        [1101,  175]], dtype=int32)}, {'cls_id': 19, 'label': 'reference_content', 'score': 0.8670324087142944, 'coordinate': [596, 206, 1079, 222], 'order': 25, 'polygon_points': array([[ 596,  214],
[paddlecli 1/2]        [ 596,  221],
[paddlecli 1/2]        [1078,  221],
[paddlecli 1/2]        [1078,  206],
[paddlecli 1/2]        [ 877,  206],
[paddlecli 1/2]        [ 727,  206],
[paddlecli 1/2]        [ 710,  206],
[paddlecli 1/2]        [ 608,  214],
[paddlecli 1/2]        [ 602,  206]], dtype=int32)}, {'cls_id': 19, 'label': 'reference_content', 'score': 0.9148781299591064, 'coordinate': [597, 221, 1104, 253], 'order': 26, 'polygon_points': array([[ 597.,  221.],
[paddlecli 1/2]        [1104.,  221.],
[paddlecli 1/2]        [1104.,  253.],
[paddlecli 1/2]        [ 597.,  253.]], dtype=float32)}, {'cls_id': 19, 'label': 'reference_content', 'score': 0.8974273800849915, 'coordinate': [597, 254, 1102, 287], 'order': 27, 'polygon_points': array([[ 597.,  254.],
[paddlecli 1/2]        [1102.,  254.],
[paddlecli 1/2]        [1102.,  287.],
[paddlecli 1/2]        [ 597.,  287.]], dtype=float32)}, {'cls_id': 19, 'label': 'reference_content', 'score': 0.8206406831741333, 'coordinate': [597, 286, 1080, 302], 'order': 28, 'polygon_points': array([[ 597,  286],
[paddlecli 1/2]        [ 597,  301],
[paddlecli 1/2]        [1079,  301],
[paddlecli 1/2]        [1079,  286]], dtype=int32)}, {'cls_id': 19, 'label': 'reference_content', 'score': 0.8671296834945679, 'coordinate': [598, 302, 1103, 334], 'order': 29, 'polygon_points': array([[ 598.,  302.],
[paddlecli 1/2]        [1103.,  302.],
[paddlecli 1/2]        [1103.,  334.],
[paddlecli 1/2]        [ 598.,  334.]], dtype=float32)}, {'cls_id': 19, 'label': 'reference_content', 'score': 0.9230749607086182, 'coordinate': [599, 334, 1103, 381], 'order': 30, 'polygon_points': array([[ 599.,  334.],
[paddlecli 1/2]        [1103.,  334.],
[paddlecli 1/2]        [1103.,  381.],
[paddlecli 1/2]        [ 599.,  381.]], dtype=float32)}, {'cls_id': 19, 'label': 'reference_content', 'score': 0.9015499949455261, 'coordinate': [599, 381, 1103, 414], 'order': 31, 'polygon_points': array([[ 599.,  381.],
[paddlecli 1/2]        [1103.,  381.],
[paddlecli 1/2]        [1103.,  414.],
[paddlecli 1/2]        [ 599.,  414.]], dtype=float32)}, {'cls_id': 19, 'label': 'reference_content', 'score': 0.9168458580970764, 'coordinate': [599, 415, 1103, 461], 'order': 32, 'polygon_points': array([[ 599.,  415.],
[paddlecli 1/2]        [1103.,  415.],
[paddlecli 1/2]        [1103.,  461.],
[paddlecli 1/2]        [ 599.,  461.]], dtype=float32)}, {'cls_id': 19, 'label': 'reference_content', 'score': 0.8066837191581726, 'coordinate': [601, 461, 1105, 509], 'order': 33, 'polygon_points': array([[ 601.,  461.],
[paddlecli 1/2]        [1105.,  461.],
[paddlecli 1/2]        [1105.,  509.],
[paddlecli 1/2]        [ 601.,  509.]], dtype=float32)}, {'cls_id': 19, 'label': 'reference_content', 'score': 0.8994373679161072, 'coordinate': [598, 510, 1104, 542], 'order': 34, 'polygon_points': array([[ 598.,  510.],
[paddlecli 1/2]        [1104.,  510.],
[paddlecli 1/2]        [1104.,  542.],
[paddlecli 1/2]        [ 598.,  542.]], dtype=float32)}, {'cls_id': 19, 'label': 'reference_content', 'score': 0.8908706307411194, 'coordinate': [597, 542, 1104, 574], 'order': 35, 'polygon_points': array([[ 597.,  542.],
[paddlecli 1/2]        [1104.,  542.],
[paddlecli 1/2]        [1104.,  574.],
[paddlecli 1/2]        [ 597.,  574.]], dtype=float32)}, {'cls_id': 19, 'label': 'reference_content', 'score': 0.8824301958084106, 'coordinate': [598, 573, 1104, 605], 'order': 36, 'polygon_points': array([[ 598,  573],
[paddlecli 1/2]        [ 598,  604],
[paddlecli 1/2]        [1103,  604],
[paddlecli 1/2]        [1103,  573]], dtype=int32)}, {'cls_id': 19, 'label': 'reference_content', 'score': 0.9032022953033447, 'coordinate': [597, 606, 1104, 638], 'order': 37, 'polygon_points': array([[ 597.,  606.],
[paddlecli 1/2]        [1104.,  606.],
[paddlecli 1/2]        [1104.,  638.],
[paddlecli 1/2]        [ 597.,  638.]], dtype=float32)}, {'cls_id': 19, 'label': 'reference_content', 'score': 0.9425984621047974, 'coordinate': [598, 637, 1104, 684], 'order': 38, 'polygon_points': array([[ 598,  637],
[paddlecli 1/2]        [ 598,  655],
[paddlecli 1/2]        [ 598,  683],
[paddlecli 1/2]        [1103,  683],
[paddlecli 1/2]        [1103,  637]], dtype=int32)}, {'cls_id': 19, 'label': 'reference_content', 'score': 0.9454010725021362, 'coordinate': [598, 685, 1104, 732], 'order': 39, 'polygon_points': array([[ 598.,  685.],
[paddlecli 1/2]        [1104.,  685.],
[paddlecli 1/2]        [1104.,  732.],
[paddlecli 1/2]        [ 598.,  732.]], dtype=float32)}, {'cls_id': 19, 'label': 'reference_content', 'score': 0.9442501664161682, 'coordinate': [599, 733, 1105, 780], 'order': 40, 'polygon_points': array([[ 599.,  733.],
[paddlecli 1/2]        [1105.,  733.],
[paddlecli 1/2]        [1105.,  780.],
[paddlecli 1/2]        [ 599.,  780.]], dtype=float32)}, {'cls_id': 19, 'label': 'reference_content', 'score': 0.938351571559906, 'coordinate': [598, 780, 1105, 814], 'order': 41, 'polygon_points': array([[ 598.,  780.],
[paddlecli 1/2]        [1105.,  780.],
[paddlecli 1/2]        [1105.,  814.],
[paddlecli 1/2]        [ 598.,  814.]], dtype=float32)}, {'cls_id': 19, 'label': 'reference_content', 'score': 0.950249195098877, 'coordinate': [599, 814, 1105, 860], 'order': 42, 'polygon_points': array([[ 599.,  814.],
[paddlecli 1/2]        [1105.,  814.],
[paddlecli 1/2]        [1105.,  860.],
[paddlecli 1/2]        [ 599.,  860.]], dtype=float32)}, {'cls_id': 19, 'label': 'reference_content', 'score': 0.9198319315910339, 'coordinate': [598, 861, 1105, 894], 'order': 43, 'polygon_points': array([[ 598.,  861.],
[paddlecli 1/2]        [1105.,  861.],
[paddlecli 1/2]        [1105.,  894.],
[paddlecli 1/2]        [ 598.,  894.]], dtype=float32)}, {'cls_id': 19, 'label': 'reference_content', 'score': 0.9202705025672913, 'coordinate': [598, 893, 1105, 925], 'order': 44, 'polygon_points': array([[ 598,  893],
[paddlecli 1/2]        [ 598,  924],
[paddlecli 1/2]        [1104,  924],
[paddlecli 1/2]        [1104,  893]], dtype=int32)}, {'cls_id': 19, 'label': 'reference_content', 'score': 0.9239563345909119, 'coordinate': [599, 925, 1105, 957], 'order': 45, 'polygon_points': array([[ 599.,  925.],
[paddlecli 1/2]        [1105.,  925.],
[paddlecli 1/2]        [1105.,  957.],
[paddlecli 1/2]        [ 599.,  957.]], dtype=float32)}, {'cls_id': 19, 'label': 'reference_content', 'score': 0.9171047806739807, 'coordinate': [599, 957, 1105, 989], 'order': 46, 'polygon_points': array([[ 599.,  957.],
[paddlecli 1/2]        [1105.,  957.],
[paddlecli 1/2]        [1105.,  989.],
[paddlecli 1/2]        [ 599.,  989.]], dtype=float32)}, {'cls_id': 19, 'label': 'reference_content', 'score': 0.8525353074073792, 'coordinate': [599, 989, 1079, 1005], 'order': 47, 'polygon_points': array([[ 599.,  989.],
[paddlecli 1/2]        [1078.,  989.],
[paddlecli 1/2]        [1078., 1004.],
[paddlecli 1/2]        [ 599., 1004.]], dtype=float32)}, {'cls_id': 19, 'label': 'reference_content', 'score': 0.9398020505905151, 'coordinate': [600, 1005, 1105, 1053], 'order': 48, 'polygon_points': array([[ 600., 1005.],
[paddlecli 1/2]        [1105., 1005.],
[paddlecli 1/2]        [1105., 1053.],
[paddlecli 1/2]        [ 600., 1053.]], dtype=float32)}, {'cls_id': 19, 'label': 'reference_content', 'score': 0.9389224052429199, 'coordinate': [599, 1053, 1105, 1100], 'order': 49, 'polygon_points': array([[ 599., 1053.],
[paddlecli 1/2]        [1105., 1053.],
[paddlecli 1/2]        [1105., 1100.],
[paddlecli 1/2]        [ 599., 1100.]], dtype=float32)}, {'cls_id': 19, 'label': 'reference_content', 'score': 0.7384480834007263, 'coordinate': [600, 1102, 1088, 1116], 'order': 50, 'polygon_points': array([[ 600., 1102.],
[paddlecli 1/2]        [1076., 1102.],
[paddlecli 1/2]        [1076., 1115.],
[paddlecli 1/2]        [ 600., 1115.]], dtype=float32)}, {'cls_id': 19, 'label': 'reference_content', 'score': 0.9087862968444824, 'coordinate': [600, 1115, 1105, 1149], 'order': 51, 'polygon_points': array([[ 600., 1115.],
[paddlecli 1/2]        [1105., 1115.],
[paddlecli 1/2]        [1105., 1149.],
[paddlecli 1/2]        [ 600., 1149.]], dtype=float32)}, {'cls_id': 19, 'label': 'reference_content', 'score': 0.8994965553283691, 'coordinate': [600, 1148, 1104, 1182], 'order': 52, 'polygon_points': array([[ 600, 1148],
[paddlecli 1/2]        [ 600, 1181],
[paddlecli 1/2]        [1103, 1181],
[paddlecli 1/2]        [1103, 1148]], dtype=int32)}, {'cls_id': 19, 'label': 'reference_content', 'score': 0.8973095417022705, 'coordinate': [600, 1181, 1105, 1212], 'order': 53, 'polygon_points': array([[ 600., 1181.],
[paddlecli 1/2]        [1105., 1181.],
[paddlecli 1/2]        [1105., 1212.],
[paddlecli 1/2]        [ 600., 1212.]], dtype=float32)}, {'cls_id': 19, 'label': 'reference_content', 'score': 0.8701301217079163, 'coordinate': [601, 1213, 1105, 1245], 'order': 54, 'polygon_points': array([[ 601., 1213.],
[paddlecli 1/2]        [1105., 1213.],
[paddlecli 1/2]        [1105., 1245.],
[paddlecli 1/2]        [ 601., 1245.]], dtype=float32)}, {'cls_id': 19, 'label': 'reference_content', 'score': 0.8828821778297424, 'coordinate': [600, 1245, 1106, 1277], 'order': 55, 'polygon_points': array([[ 600., 1245.],
[paddlecli 1/2]        [1106., 1245.],
[paddlecli 1/2]        [1106., 1277.],
[paddlecli 1/2]        [ 600., 1277.]], dtype=float32)}, {'cls_id': 19, 'label': 'reference_content', 'score': 0.899441123008728, 'coordinate': [600, 1278, 1106, 1309], 'order': 56, 'polygon_points': array([[ 600., 1278.],
[paddlecli 1/2]        [1106., 1278.],
[paddlecli 1/2]        [1106., 1309.],
[paddlecli 1/2]        [ 600., 1309.]], dtype=float32)}, {'cls_id': 19, 'label': 'reference_content', 'score': 0.8945026397705078, 'coordinate': [600, 1309, 1106, 1341], 'order': 57, 'polygon_points': array([[ 600., 1309.],
[paddlecli 1/2]        [1106., 1309.],
[paddlecli 1/2]        [1106., 1341.],
[paddlecli 1/2]        [ 600., 1341.]], dtype=float32)}, {'cls_id': 19, 'label': 'reference_content', 'score': 0.8930032253265381, 'coordinate': [600, 1340, 1106, 1373], 'order': 58, 'polygon_points': array([[ 600, 1340],
[paddlecli 1/2]        [ 600, 1372],
[paddlecli 1/2]        [1105, 1372],
[paddlecli 1/2]        [1105, 1340]], dtype=int32)}, {'cls_id': 19, 'label': 'reference_content', 'score': 0.9185686707496643, 'coordinate': [601, 1372, 1105, 1404], 'order': 59, 'polygon_points': array([[ 631., 1372.],
[paddlecli 1/2]        [1104., 1372.],
[paddlecli 1/2]        [1104., 1403.],
[paddlecli 1/2]        [ 631., 1403.]], dtype=float32)}, {'cls_id': 19, 'label': 'reference_content', 'score': 0.9223861694335938, 'coordinate': [600, 1404, 1105, 1436], 'order': 60, 'polygon_points': array([[ 629.9999, 1403.9999],
[paddlecli 1/2]        [1103.9999, 1403.9999],
[paddlecli 1/2]        [1103.9999, 1434.9999],
[paddlecli 1/2]        [ 629.9999, 1434.9999]], dtype=float32)}, {'cls_id': 19, 'label': 'reference_content', 'score': 0.9437596797943115, 'coordinate': [600, 1438, 1106, 1483], 'order': 61, 'polygon_points': array([[ 600., 1438.],
[paddlecli 1/2]        [1106., 1438.],
[paddlecli 1/2]        [1106., 1483.],
[paddlecli 1/2]        [ 600., 1483.]], dtype=float32)}, {'cls_id': 19, 'label': 'reference_content', 'score': 0.9314864873886108, 'coordinate': [600, 1485, 1105, 1516], 'order': 62, 'polygon_points': array([[ 600., 1485.],
[paddlecli 1/2]        [1105., 1485.],
[paddlecli 1/2]        [1105., 1516.],
[paddlecli 1/2]        [ 600., 1516.]], dtype=float32)}, {'cls_id': 19, 'label': 'reference_content', 'score': 0.9259313344955444, 'coordinate': [599, 1517, 1107, 1548], 'order': 63, 'polygon_points': array([[ 599., 1517.],
[paddlecli 1/2]        [1107., 1517.],
[paddlecli 1/2]        [1107., 1548.],
[paddlecli 1/2]        [ 599., 1548.]], dtype=float32)}]}, 'parsing_res_list': [{'block_label': 'number', 'block_content': '366', 'block_bbox': [67, 140, 96, 155]}, {'block_label': 'header', 'block_content': 'J.A. Schafer et al. / Journal of Criminal Justice 38 (2010) 359–367', 'block_bbox': [393, 138, 773, 157]}, {'block_label': 'text', 'block_content': 'volume of crime) would be necessary in an effort to examine the contours of any possible relationship between the quality of crimes reported and lunar cycles. Only then could this question of the lunar lore and crime be more fully answered.', 'block_bbox': [64, 178, 571, 264]}, {'block_label': 'paragraph_title', 'block_content': 'Notes', 'block_bbox': [66, 287, 116, 306]}, {'block_label': 'text', 'block_content': '1. See Rotton and Cohn (2000) and Cohn (1990b), among others, for a discussion of theoretical and empirical relationships between weather, temporal variables, social contact variables, and crime.', 'block_bbox': [65, 326, 569, 379]}, {'block_label': 'text', 'block_content': '2. Block (1984) wrote that although some general seasonal trends could be noted, they tended to be offense-specific and were not evident in all jurisdictions. Her comprehensive review of data she analyzed, as well as various published and unpublished research done by others, found ample variation in seasonal trends. Some of this might have been attributed to variable data, operational definitions, and analytical plans.', 'block_bbox': [65, 379, 571, 484]}, {'block_label': 'text', 'block_content': '3. Researchers have employed myriad methods of structuring the timing and intensity of full moons relative to other periods of the lunar cycle. For example: contrasting the day of the full moon with all other days in the cycle (Frey et al., 1979); creating seemingly-capricious "windows" of time (i.e., three days) around the full moon for contrast with the rest of the cycle (sometimes separating out windows of time around the new moon) (Walters et al., 1975); breaking cycles into equal (Frey et al., 1979; Quinsey & Varney, 1977; Taylor & Diespecker, 1972) and unequal (Frey et al., 1979; Lester et al., 1969) periods of times; and, allowing lunar phase', 'block_bbox': [67, 483, 571, 690]}, {'block_label': 'text', 'block_content': '4. This consideration was another complexity created by the vague nature of the lunar lore. Was the effect of the full moon mediated by its visibility due to daylight and/or weather patterns? If the effect was thought to result from the actual intensity of the moon\'s illumination, the answer may have been "yes." If the effect was thought to result from the moons \'pull\' on water in the human body, the answer might have been "no."', 'block_bbox': [66, 690, 571, 793]}, {'block_label': 'text', 'block_content': '5. An anonymous reviewer pointed out the U.S.N.O. also reports moon rise and setting times within archival data. It was noted using a sliding window of analysis based on whether the moon was above the horizon might have been an alternative approach within the analysis. Additional analyses not reported here, but available from the lead author upon request, suggest the results were not substantively different with the use of such a variable window of analysis. The original models (fixed 8:00 pm - 3:00 am window of analysis) were retained for the analysis reported in this article, though the alternative scheme was included in later portions of the discussion.', 'block_bbox': [66, 795, 572, 932]}, {'block_label': 'text', 'block_content': "6. The analysis was also conducted using a measure of the moon's actual visibility above the horizon net of atmospheric conditions that might preclude such visibility. These models yielded no significant differences in parameter magnitudes or significance levels. Since the same pattern of significant and non-significant results was obtained, the initial results were retained and presented in this article. Those seeking further information pertaining to these alternative modeling efforts can direct inquires to the second author.", 'block_bbox': [67, 932, 572, 1053]}, {'block_label': 'paragraph_title', 'block_content': 'References', 'block_bbox': [70, 1094, 156, 1114]}, {'block_label': 'reference_content', 'block_content': 'Atlas, R. (1984). Violence in prison: Environmental influences. Environment and Behavior, 16, 275–306.', 'block_bbox': [69, 1130, 572, 1163]}, {'block_label': 'reference_content', 'block_content': 'Bauer, S. F., & Hornick, E. J. (1968). Lunar effect on mental illness: The relationship of moon phase to psychiatric emergencies. American Journal of Psychiatry, 125, 696–697.', 'block_bbox': [70, 1163, 572, 1211]}, {'block_label': 'reference_content', 'block_content': 'Bickis, M., Kelly, I. W., & Byrnes, G. F. (1995). Crisis calls and temporal and lunar variables: A comprehensive examination. Journal of Psychology, 129, 701–711.', 'block_bbox': [71, 1209, 570, 1244]}, {'block_label': 'reference_content', 'block_content': 'Biermann, T., Estel, D., Sperling, W., Bleich, S., Kornhuber, J., & Reulbach, U. (2005). Influence of lunar phase on suicide: The end of a myth? A population-based study. Chronobiology International, 22, 1137–1143.', 'block_bbox': [71, 1242, 570, 1293]}, {'block_label': 'reference_content', 'block_content': 'Blackmon, S., & Catalina, D. (1973). The moon and the emergency room. Perceptual and Motor Skills, 37, 624–626.', 'block_bbox': [71, 1289, 571, 1324]}, {'block_label': 'reference_content', 'block_content': 'Block, C. R. (1983). How to handle seasonality: Introduction to the detection and analysis of seasonal fluctuation in criminal justice time series. Chicago: Illinois Criminal Justice Information Authority.', 'block_bbox': [70, 1322, 571, 1370]}, {'block_label': 'reference_content', 'block_content': 'Block, C. R. (1984). Is crime seasonal? Chicago: Illinois Criminal Justice Information Authority.', 'block_bbox': [69, 1369, 571, 1404]}, {'block_label': 'reference_content', 'block_content': 'Box, G. E. P., & Jenkins, G. M. (1970). Time series analysis: Forecasting and control (Rev. ed.). San Francisco: Holden-Day.', 'block_bbox': [69, 1401, 572, 1437]}, {'block_label': 'reference_content', 'block_content': 'Brantingham, P., & Brantingham, P. (1995). Criminality of place: Crime generators and crime attractors. European Journal on Criminal Policy and Research, 3(3), 5–26.', 'block_bbox': [69, 1434, 571, 1469]}, {'block_label': 'reference_content', 'block_content': 'Bushway, S. D., & McDowall, D. (2006). Here we go again- Can we learn anything from aggregate-level studies of policy interventions? Criminology & Public Policy, 5, 461–470.', 'block_bbox': [69, 1467, 571, 1515]}, {'block_label': 'reference_content', 'block_content': 'Campbell, D. E., & Beets, J. L. (1978). Lunacy and the moon. Psychological Bulletin, 85, 1123–1129.', 'block_bbox': [68, 1514, 571, 1547]}, {'block_label': 'reference_content', 'block_content': 'Chapman, S., & Morrell, S. (2000). Barking mad? Another lunatic hypothesis bites the dust. British Medical Journal, 321, 1561–1563.', 'block_bbox': [596, 175, 1102, 208]}, {'block_label': 'reference_content', 'block_content': 'Chetwood, D. (1988). Is there a season for homicide? Criminology, 26, 287–306.', 'block_bbox': [596, 206, 1079, 222]}, {'block_label': 'reference_content', 'block_content': 'Cheatwood, D. (1995). The effects of weather on homicide. Journal of Quantitative Criminology, 11, 51–70.', 'block_bbox': [597, 221, 1104, 253]}, {'block_label': 'reference_content', 'block_content': 'Cohen, L. E., & Felson, M. (1979). Social change and crime rate trends: A routine activity approach. American Sociological Review, 44, 588–608.', 'block_bbox': [597, 254, 1102, 287]}, {'block_label': 'reference_content', 'block_content': 'Cohn, E. G. (1990a). Weather and crime. British Journal of Criminology, 30, 51–64.', 'block_bbox': [597, 286, 1080, 302]}, {'block_label': 'reference_content', 'block_content': 'Cohn, E. G. (1990b). Weather and violent crime: A reply to Perry and Simpson, 1987. Environment and Behavior, 22, 280–294.', 'block_bbox': [598, 302, 1103, 334]}, {'block_label': 'reference_content', 'block_content': 'Cohn, E. G. (1993). The prediction of police calls for service: The influence of weather and temporal variables on rape and domestic violence. Journal of Environmental Psychology, 13, 71–83.', 'block_bbox': [599, 334, 1103, 381]}, {'block_label': 'reference_content', 'block_content': 'Cohn, E. G. (1996). The effect of weather and temporal variations on calls for police service. American Journal of Police, 15(1), 23–43.', 'block_bbox': [599, 381, 1103, 414]}, {'block_label': 'reference_content', 'block_content': 'Cohn, E. G., & Rotton, J. (2000). Weather, seasonal trends and property crimes in Minneapolis, 1987-1988: A moderator-variable time-series analysis of routine activities. Journal of Environmental Psychology, 20, 257–272.', 'block_bbox': [599, 415, 1103, 461]}, {'block_label': 'reference_content', 'block_content': 'Culver, R., Rotton, J., & Kelly, I. W. (1988). Geophysical variables and behavior: XLIX. Moon mechanisms and myths: A critical appraisal of explanations of purported lunar effects on human behavior. Psychological Reports, 62, 683–710.', 'block_bbox': [601, 461, 1105, 509]}, {'block_label': 'reference_content', 'block_content': 'Cyr, J. J., & Kaplan, R. A. (1987). Geophysical variables and behavior: XLVI. The lunar-lunacy relationship: A poorly evaluated hypothesis. Psychological Reports, 61, 391–400.', 'block_bbox': [598, 510, 1104, 542]}, {'block_label': 'reference_content', 'block_content': 'Cyr. J. J., & Kaplan, R. A. (1988). Investigating the lunar-lunacy relationship: A reply to Rotton and Kelly. Psychological Reports, 62, 319–322.', 'block_bbox': [597, 542, 1104, 574]}, {'block_label': 'reference_content', 'block_content': 'Durm, M. W., Terry, C. L., & Hammonds, C. R. (1986). Lunar phase and acting-out behavior. Psychological Reports, 59, 987–990.', 'block_bbox': [598, 573, 1104, 605]}, {'block_label': 'reference_content', 'block_content': 'Frey, J., Rotton, J., & Barry, T. (1979). The effects of the full moon on human behavior: Yet another failure to replicate. The Journal of Psychology, 103, 159–162.', 'block_bbox': [597, 606, 1104, 638]}, {'block_label': 'reference_content', 'block_content': 'Heller, N. B., & Markland, R. E. (1970). A climatological model for forecasting the demand for police service. Journal of Research in Crime & Delinquency, 7, 167–176.', 'block_bbox': [598, 637, 1104, 684]}, {'block_label': 'reference_content', 'block_content': 'Hipp, J. R., Bauer, D. J., Curran, P. J., & Bollen, K. A. (2004). Crimes of opportunity or crimes of emotion? Testing two explanations of seasonal change in crime. Social Forces, 82, 1333–1372.', 'block_bbox': [598, 685, 1104, 732]}, {'block_label': 'reference_content', 'block_content': 'Kelly, I. W., & Rotton, J. (1983). Geophysical variables and behavior: XIII. Comment on "lunar phase and accident injuries": The dark side of the moon and lunar research. Perceptual and Motor Skills, 57, 919–921.', 'block_bbox': [599, 733, 1105, 780]}, {'block_label': 'reference_content', 'block_content': 'Laverty, W. H., & Kelly, I. W. (1998). Cyclical calendar and lunar patterns in automobile property accidents and injury accidents. Perceptual and Motor Skills, 86, 299–302.', 'block_bbox': [598, 780, 1105, 814]}, {'block_label': 'reference_content', 'block_content': 'LeBeau, J. L., & Corcoran, W. T. (1990). Changes in calls for police service with changes in routine activities and the arrival and passage of weather fronts. Journal of Quantitative Criminology, 6, 269–291.', 'block_bbox': [599, 814, 1105, 860]}, {'block_label': 'reference_content', 'block_content': 'LeBeau, J. L., & Langworthy, R. H. (1986). The linkages between routine activities, weather, and calls for police services. Journal of Police Science and Administration, 14, 137–145.', 'block_bbox': [598, 861, 1105, 894]}, {'block_label': 'reference_content', 'block_content': 'Lester, D., Brockopp, G. W., & Priebe, K. (1969). Association between a full moon and completed suicide. Psychological Reports, 25, 598.', 'block_bbox': [598, 893, 1105, 925]}, {'block_label': 'reference_content', 'block_content': 'Lieber, A. L. (1978a). Human aggression and the lunar synodic cycle. Journal of Clinical Psychiatry, 39, 385–393.', 'block_bbox': [599, 925, 1105, 957]}, {'block_label': 'reference_content', 'block_content': 'Lieber, A. L. (1978b). The lunar effect: Biological tides and human emotions. Garden City, NY: Anchor Press.', 'block_bbox': [599, 957, 1105, 989]}, {'block_label': 'reference_content', 'block_content': 'Lieber, A. L (1996). How the moon affects you. Mamaroneck, NY: Hastings House.', 'block_bbox': [599, 989, 1079, 1005]}, {'block_label': 'reference_content', 'block_content': 'Lieber, A. L., & Sherin, C. R. (1972). Homicides and lunar cycle: Toward a theory of lunar influence on human emotional disturbance. American Journal of Psychiatry, 129, 69–74.', 'block_bbox': [600, 1005, 1105, 1053]}, {'block_label': 'reference_content', 'block_content': 'McDowall, E., McCleary, R., Meidinger, E. E., & Hay, R. A., Jr. (1980). Interrupted time series analysis: Vol. 2.1 Quantitative applications in the social sciences. Newbury Park, CA: Sage.', 'block_bbox': [599, 1053, 1105, 1100]}, {'block_label': 'reference_content', 'block_content': 'Merriam-Webster online dictionary. (2008). Retrieved from http://www.m-w.com', 'block_bbox': [600, 1102, 1088, 1116]}, {'block_label': 'reference_content', 'block_content': 'Pettigrew, C. G. (1985). Seasonality and lunacy of inmate behavior. The Southern Psychologist, 2(3), 41–46.', 'block_bbox': [600, 1115, 1105, 1149]}, {'block_label': 'reference_content', 'block_content': 'Pokorny, A. D., & Jachimczyk, J. (1974). The questionable relationship between homicides and the lunar cycle. American Journal of Psychiatry, 131, 827–829.', 'block_bbox': [600, 1148, 1104, 1182]}, {'block_label': 'reference_content', 'block_content': 'Purpura, P. P. (1979). Police activity and the full moon. Journal of Police Science and Administration, 7, 350–353.', 'block_bbox': [600, 1181, 1105, 1212]}, {'block_label': 'reference_content', 'block_content': "Quêtelet, L. A. J. (1969). A treatise on man and the development of his faculties. Gainesville, FL: Scholar's Facsimiles and Reprints. (Original work published 1842).", 'block_bbox': [601, 1213, 1105, 1245]}, {'block_label': 'reference_content', 'block_content': 'Quinsey, V. L., & Varney, G. W. (1977). Characteristics of assaults and assaulters in a maximum security psychiatric unit. Crime and Justice, 5, 212–220.', 'block_bbox': [600, 1245, 1106, 1277]}, {'block_label': 'reference_content', 'block_content': 'Robinson, J. B., & Rengert, G. F. (2006). Illegal drug markets: The geographic perspective and crime propensity. Western Criminology Review, 7(1), 20–32.', 'block_bbox': [600, 1278, 1106, 1309]}, {'block_label': 'reference_content', 'block_content': 'Rotton, J., & Cohn, E. G. (2000). Weather, disorderly conduct, and assault: From social contact to social avoidance. Environment and Behavior, 32, 651–673.', 'block_bbox': [600, 1309, 1106, 1341]}, {'block_label': 'reference_content', 'block_content': 'Rotton, J., & Cohn, E. G. (2003). Global warming and U.S. crime rates: An application of routine activity theory. Environment and Behavior, 35, 802–825.', 'block_bbox': [600, 1340, 1106, 1373]}, {'block_label': 'reference_content', 'block_content': 'on, J., & Kelly, I. W. (1985). A scale for assessing belief in lunar effects: Reliability and concurrent validity. Psychological Reports, 57, 239–245.', 'block_bbox': [601, 1372, 1105, 1404]}, {'block_label': 'reference_content', 'block_content': 'on, J., Kelly, I. W., & Elortegui, P. (1986). Assessing belief in lunar effects: Known-group validation. Psychological Reports, 59, 171–174.', 'block_bbox': [600, 1404, 1105, 1436]}, {'block_label': 'reference_content', 'block_content': 'Rotton, J., Kelly, I. W., & Frey, J. (1983). Geophysical variables and behavior: X. Detecting lunar periodicities: Something old, new, borrowed, and true. Psychological Reports, 52, 111–116.', 'block_bbox': [600, 1438, 1106, 1483]}, {'block_label': 'reference_content', 'block_content': 'Russell, G. W., & de Graaf, J. P. (1985). Lunar cycles and human aggression: A replication. Social Behavior and Personality, 13, 143–146.', 'block_bbox': [600, 1485, 1105, 1516]}, {'block_label': 'reference_content', 'block_content': 'Russell, G. W., & Dua, M. (1983). Lunar influences on human aggression. Social Behavior and Personality, 11, 41–44.', 'block_bbox': [599, 1517, 1107, 1548]}]}}[0m
[paddlecli 1/2] Connecting to https://paddle-model-ecology.bj.bcebos.com/paddlex/PaddleX3.0/fonts/PingFang-SC-Regular.ttf ...
[paddlecli 1/2] Downloading PingFang-SC-Regular.ttf ...
[paddlecli 1/2] [                                                  ] 0.04%
[paddlecli 1/2] [                                                  ] 0.64%
[paddlecli 1/2] [                                                  ] 1.99%
[paddlecli 1/2] [==                                                ] 4.68%
[paddlecli 1/2] [=====                                             ] 10.38%
[paddlecli 1/2] [=========                                         ] 19.38%
[paddlecli 1/2] [=================                                 ] 34.37%
[paddlecli 1/2] [==========================                        ] 52.20%
[paddlecli 1/2] [==================================                ] 69.89%
[paddlecli 1/2] [===========================================       ] 86.83%
[paddlecli 1/2] [==================================================] 100.00%
[job 1/2] Saved /Users/yifanxie/playground/vibe_writing_experiments/research/OCR_research/outputs/paddle_mlx_batch/vl1.54.md in 30.50s
[job 2/2] Starting vl1.59.png
[job 2/2] Connecting to mlx_vlm.server at http://localhost:8111/
[paddlecli 2/2] [33mConnectivity check to the model hoster has been skipped because `PADDLE_PDX_DISABLE_MODEL_SOURCE_CHECK` is enabled.[0m
[paddlecli 2/2] /Users/yifanxie/playground/vibe_writing_experiments/research/OCR_research/.venv_paddle_apple/lib/python3.11/site-packages/paddle/utils/cpp_extension/extension_utils.py:718: UserWarning: No ccache found. Please be aware that recompiling all source files may be required. You can download and install ccache from: https://github.com/ccache/ccache/blob/master/doc/INSTALL.md
[paddlecli 2/2]   warnings.warn(warning_message)
[paddlecli 2/2] [32mCreating model: ('PP-DocLayoutV3', None)[0m
[paddlecli 2/2] [32mModel files already exist. Using cached files. To redownload, please delete the directory manually: `/Users/yifanxie/playground/vibe_writing_experiments/research/OCR_research/.paddlex_cache/official_models/PP-DocLayoutV3`.[0m
[paddlecli 2/2] [32mCreating model: ('PaddleOCR-VL-1.5-0.9B', None)[0m
[paddlecli 2/2] /Users/yifanxie/playground/vibe_writing_experiments/research/OCR_research/.venv_paddle_apple/lib/python3.11/site-packages/paddlex/inference/models/doc_vlm/predictor.py:503: UserWarning: 'mlx-vlm-server' does not support `min_pixels`.
[paddlecli 2/2]   warnings.warn(
[paddlecli 2/2] /Users/yifanxie/playground/vibe_writing_experiments/research/OCR_research/.venv_paddle_apple/lib/python3.11/site-packages/paddlex/inference/models/doc_vlm/predictor.py:516: UserWarning: 'mlx-vlm-server' does not support `max_pixels`.
[paddlecli 2/2]   warnings.warn(
[paddlecli 2/2] [2026/04/17 16:58:13] paddleocr INFO: Processed item 0 in 5936.930179595947 ms
[paddlecli 2/2] [32m{'res': {'input_path': '/Users/yifanxie/playground/vibe_writing_experiments/research/OCR_research/input/batch1/vl1.59.png', 'page_index': None, 'page_count': None, 'width': 960, 'height': 1707, 'model_settings': {'use_doc_preprocessor': False, 'use_layout_detection': True, 'use_chart_recognition': False, 'use_seal_recognition': False, 'use_ocr_for_image_block': False, 'format_block_content': False, 'merge_layout_blocks': True, 'markdown_ignore_labels': ['number', 'footnote', 'header', 'header_image', 'footer', 'footer_image', 'aside_text'], 'return_layout_polygon_points': True}, 'layout_det_res': {'input_path': None, 'page_index': None, 'boxes': [{'cls_id': 12, 'label': 'header', 'score': 0.4199492037296295, 'coordinate': [170, 235, 242, 254], 'order': None, 'polygon_points': array([[170., 235.],
[paddlecli 2/2]        [241., 235.],
[paddlecli 2/2]        [241., 253.],
[paddlecli 2/2]        [170., 253.]], dtype=float32)}, {'cls_id': 12, 'label': 'header', 'score': 0.8148161172866821, 'coordinate': [661, 254, 824, 272], 'order': None, 'polygon_points': array([[661., 254.],
[paddlecli 2/2]        [823., 254.],
[paddlecli 2/2]        [823., 271.],
[paddlecli 2/2]        [661., 271.]], dtype=float32)}, {'cls_id': 21, 'label': 'table', 'score': 0.9613240361213684, 'coordinate': [117, 311, 843, 928], 'order': None, 'polygon_points': array([[117., 311.],
[paddlecli 2/2]        [843., 311.],
[paddlecli 2/2]        [843., 928.],
[paddlecli 2/2]        [117., 928.]], dtype=float32)}, {'cls_id': 24, 'label': 'vision_footnote', 'score': 0.8214696049690247, 'coordinate': [114, 923, 259, 938], 'order': None, 'polygon_points': array([[114, 923],
[paddlecli 2/2]        [114, 937],
[paddlecli 2/2]        [258, 937],
[paddlecli 2/2]        [258, 923]], dtype=int32)}, {'cls_id': 17, 'label': 'paragraph_title', 'score': 0.8245030045509338, 'coordinate': [111, 968, 311, 991], 'order': 1, 'polygon_points': array([[111., 968.],
[paddlecli 2/2]        [311., 968.],
[paddlecli 2/2]        [311., 991.],
[paddlecli 2/2]        [111., 991.]], dtype=float32)}, {'cls_id': 22, 'label': 'text', 'score': 0.7669069766998291, 'coordinate': [137, 1008, 594, 1029], 'order': 2, 'polygon_points': array([[ 137, 1008],
[paddlecli 2/2]        [ 137, 1021],
[paddlecli 2/2]        [ 406, 1021],
[paddlecli 2/2]        [ 407, 1028],
[paddlecli 2/2]        [ 416, 1028],
[paddlecli 2/2]        [ 441, 1028],
[paddlecli 2/2]        [ 593, 1028],
[paddlecli 2/2]        [ 593, 1008]], dtype=int32)}, {'cls_id': 22, 'label': 'text', 'score': 0.7624848484992981, 'coordinate': [138, 1033, 473, 1053], 'order': 3, 'polygon_points': array([[ 138., 1033.],
[paddlecli 2/2]        [ 472., 1033.],
[paddlecli 2/2]        [ 472., 1052.],
[paddlecli 2/2]        [ 138., 1052.]], dtype=float32)}, {'cls_id': 22, 'label': 'text', 'score': 0.7681625485420227, 'coordinate': [138, 1060, 564, 1079], 'order': 4, 'polygon_points': array([[ 138.     , 1059.9999 ],
[paddlecli 2/2]        [ 562.9999 , 1059.9999 ],
[paddlecli 2/2]        [ 562.9999 , 1077.9999 ],
[paddlecli 2/2]        [ 137.99997, 1077.9999 ]], dtype=float32)}, {'cls_id': 22, 'label': 'text', 'score': 0.7605735659599304, 'coordinate': [137, 1086, 529, 1106], 'order': 5, 'polygon_points': array([[ 137., 1086.],
[paddlecli 2/2]        [ 528., 1086.],
[paddlecli 2/2]        [ 528., 1105.],
[paddlecli 2/2]        [ 137., 1105.]], dtype=float32)}, {'cls_id': 22, 'label': 'text', 'score': 0.7804334759712219, 'coordinate': [137, 1111, 482, 1130], 'order': 6, 'polygon_points': array([[ 137., 1111.],
[paddlecli 2/2]        [ 481., 1111.],
[paddlecli 2/2]        [ 481., 1129.],
[paddlecli 2/2]        [ 137., 1129.]], dtype=float32)}, {'cls_id': 22, 'label': 'text', 'score': 0.7852851748466492, 'coordinate': [137, 1139, 542, 1158], 'order': 7, 'polygon_points': array([[ 137, 1139],
[paddlecli 2/2]        [ 137, 1151],
[paddlecli 2/2]        [ 205, 1157],
[paddlecli 2/2]        [ 541, 1157],
[paddlecli 2/2]        [ 541, 1146],
[paddlecli 2/2]        [ 359, 1146],
[paddlecli 2/2]        [ 358, 1139],
[paddlecli 2/2]        [ 353, 1146],
[paddlecli 2/2]        [ 315, 1139]], dtype=int32)}, {'cls_id': 22, 'label': 'text', 'score': 0.761792004108429, 'coordinate': [138, 1164, 502, 1183], 'order': 8, 'polygon_points': array([[ 138, 1164],
[paddlecli 2/2]        [ 138, 1176],
[paddlecli 2/2]        [ 239, 1182],
[paddlecli 2/2]        [ 262, 1182],
[paddlecli 2/2]        [ 273, 1182],
[paddlecli 2/2]        [ 277, 1176],
[paddlecli 2/2]        [ 287, 1182],
[paddlecli 2/2]        [ 297, 1182],
[paddlecli 2/2]        [ 497, 1182],
[paddlecli 2/2]        [ 501, 1171],
[paddlecli 2/2]        [ 340, 1171],
[paddlecli 2/2]        [ 339, 1164]], dtype=int32)}, {'cls_id': 22, 'label': 'text', 'score': 0.775646984577179, 'coordinate': [137, 1189, 509, 1210], 'order': 9, 'polygon_points': array([[ 137, 1189],
[paddlecli 2/2]        [ 137, 1202],
[paddlecli 2/2]        [ 186, 1209],
[paddlecli 2/2]        [ 508, 1209],
[paddlecli 2/2]        [ 508, 1196],
[paddlecli 2/2]        [ 307, 1196],
[paddlecli 2/2]        [ 306, 1189]], dtype=int32)}, {'cls_id': 8, 'label': 'footer', 'score': 0.8207391500473022, 'coordinate': [107, 1263, 334, 1284], 'order': None, 'polygon_points': array([[ 107., 1263.],
[paddlecli 2/2]        [ 333., 1263.],
[paddlecli 2/2]        [ 333., 1283.],
[paddlecli 2/2]        [ 107., 1283.]], dtype=float32)}, {'cls_id': 16, 'label': 'number', 'score': 0.305259644985199, 'coordinate': [811, 1275, 824, 1289], 'order': 10, 'polygon_points': array([[ 811., 1275.],
[paddlecli 2/2]        [ 823., 1275.],
[paddlecli 2/2]        [ 823., 1288.],
[paddlecli 2/2]        [ 811., 1288.]], dtype=float32)}]}, 'parsing_res_list': [{'block_label': 'header', 'block_content': 'The image is too blurry to recognize any text content.', 'block_bbox': [170, 235, 242, 254]}, {'block_label': 'header', 'block_content': '医药行业周报（2.6-2.10）', 'block_bbox': [661, 254, 824, 272]}, {'block_label': 'table', 'block_content': '<table><tr><td rowspan="2"></td><td rowspan="2">年份</td><td colspan="4">证券净利润同比增速</td><td colspan="3">EPS(元)</td><td>PE(倍)</td><td colspan="2">投资</td></tr><tr><td>(元)</td><td>2022E</td><td>2023E</td><td>2024E</td><td>2022E</td><td>2023E</td><td>2024E</td><td>2022E</td><td>2023E</td><td>2024E</td></tr><tr><td>6075.SH</td><td>百事堂医疗</td><td>58.7</td><td>44%</td><td>61%</td><td>5%</td><td>0.98</td><td>1.58</td><td>1.65</td><td>60</td><td>37</td><td>35</td></tr><tr><td>1951.HK</td><td>格致生殖</td><td>6.6</td><td>32%</td><td>31%</td><td>27%</td><td>0.18</td><td>0.24</td><td>0.3</td><td>36</td><td>28</td><td>22</td></tr><tr><td>&lt;ecel&gt;</td><td></td><td></td><td></td><td></td><td></td><td></td><td></td><td></td><td></td><td></td><td></td></tr></table>', 'block_bbox': [117, 311, 843, 928]}, {'block_label': 'vision_footnote', 'block_content': '数据来源：Wind，西南证券', 'block_bbox': [114, 923, 259, 938]}, {'block_label': 'paragraph_title', 'block_content': '1.2上周弹性组合分析', 'block_bbox': [111, 968, 311, 991]}, {'block_label': 'text', 'block_content': '近得医疗(688310)：22H1业绩符合预期，血液透析类产品贡献主要增量', 'block_bbox': [137, 1008, 594, 1029]}, {'block_label': 'text', 'block_content': '寿仙谷(603896)：疫情短期影响有限，看好省外扩张', 'block_bbox': [138, 1033, 473, 1053]}, {'block_label': 'text', 'block_content': '祥生医疗(688358.SH)：三季度业绩延续高增长，高端产品持续放量', 'block_bbox': [138, 1060, 564, 1079]}, {'block_label': 'text', 'block_content': '上海医药(601607)：三季度业绩符合预期，创新驱动加速转型', 'block_bbox': [137, 1086, 529, 1106]}, {'block_label': 'text', 'block_content': '福瑞股份(300049)：业绩符合预期，22Q3同比高增长', 'block_bbox': [137, 1111, 482, 1130]}, {'block_label': 'text', 'block_content': '贝达药业(300558)：多重因素短期影响业绩，创新管理持续推进', 'block_bbox': [137, 1139, 542, 1158]}, {'block_label': 'text', 'block_content': '三诺生物(300298.SZ)：业绩增长超预期，CGM获批在即', 'block_bbox': [138, 1164, 502, 1183]}, {'block_label': 'text', 'block_content': '美好医疗(301363.SZ)：家用呼吸机组件龙头，平台化新成', 'block_bbox': [137, 1189, 509, 1210]}, {'block_label': 'footer', 'block_content': '请务必阅读正文后的重要声明部分', 'block_bbox': [107, 1263, 334, 1284]}, {'block_label': 'number', 'block_content': '-', 'block_bbox': [811, 1275, 824, 1289]}]}}[0m
[job 2/2] Saved /Users/yifanxie/playground/vibe_writing_experiments/research/OCR_research/outputs/paddle_mlx_batch/vl1.59.md in 10.00s
[summary] Completed batch in 40.50s with 2 success(es) and 0 failure(s)
[summary] Log file saved to /Users/yifanxie/playground/vibe_writing_experiments/research/OCR_research/logs/batch_mlx-vlm-server_20260417_165733.log
